[0824/225057.062:ERROR:process_memory_win.cc(73)] ReadMemory at 0x7ff65eaf0000 of 64 bytes failed: Only part of a ReadProcessMemory or WriteProcessMemory request was completed. (0x12B)
[0824/225057.187:WARNING:pe_image_reader.cc(340)] could not read dos header from C:\Program Files (x86)\Google\Chrome\Application\chrome.exe
[0824/225057.187:ERROR:process_memory_win.cc(73)] ReadMemory at 0x7fff39c40000 of 64 bytes failed: Only part of a ReadProcessMemory or WriteProcessMemory request was completed. (0x12B)
[0824/225057.187:WARNING:pe_image_reader.cc(340)] could not read dos header from C:\WINDOWS\SYSTEM32\ntdll.dll
[0824/225057.188:ERROR:process_memory_win.cc(73)] ReadMemory at 0x7fff38d60000 of 64 bytes failed: Only part of a ReadProcessMemory or WriteProcessMemory request was completed. (0x12B)
[0824/225057.198:WARNING:pe_image_reader.cc(340)] could not read dos header from C:\WINDOWS\System32\KERNEL32.DLL
[0824/225057.198:ERROR:process_memory_win.cc(73)] ReadMemory at 0x7fff37630000 of 64 bytes failed: Only part of a ReadProcessMemory or WriteProcessMemory request was completed. (0x12B)
[0824/225057.198:WARNING:pe_image_reader.cc(340)] could not read dos header from C:\WINDOWS\System32\KERNELBASE.dll
[0824/225057.198:ERROR:process_memory_win.cc(73)] ReadMemory at 0x7fff0cf60000 of 64 bytes failed: Only part of a ReadProcessMemory or WriteProcessMemory request was completed. (0x12B)
[0824/225057.198:WARNING:pe_image_reader.cc(340)] could not read dos header from C:\Program Files (x86)\Google\Chrome\Application\84.0.4147.135\chrome_elf.dll
[0824/225057.198:ERROR:process_memory_win.cc(73)] ReadMemory at 0x7fff2f480000 of 64 bytes failed: Only part of a ReadProcessMemory or WriteProcessMemory request was completed. (0x12B)
[0824/225057.198:WARNING:pe_image_reader.cc(340)] could not read dos header from C:\WINDOWS\SYSTEM32\VERSION.dll
[0824/225057.198:ERROR:process_memory_win.cc(73)] ReadMemory at 0x7fff37e30000 of 64 bytes failed: Only part of a ReadProcessMemory or WriteProcessMemory request was completed. (0x12B)
[0824/225057.198:WARNING:pe_image_reader.cc(340)] could not read dos header from C:\WINDOWS\System32\msvcrt.dll
[0824/225057.198:ERROR:process_memory_win.cc(73)] ReadMemory at 0x7fff37480000 of 64 bytes failed: Only part of a ReadProcessMemory or WriteProcessMemory request was completed. (0x12B)
[0824/225057.198:WARNING:pe_image_reader.cc(340)] could not read dos header from C:\WINDOWS\System32\bcryptPrimitives.dll
[0824/225057.206:ERROR:process_memory_win.cc(73)] ReadMemory at 0x7fff388b0000 of 64 bytes failed: Only part of a ReadProcessMemory or WriteProcessMemory request was completed. (0x12B)
[0824/225057.206:WARNING:pe_image_reader.cc(340)] could not read dos header from C:\WINDOWS\System32\ADVAPI32.dll
[0824/225057.206:ERROR:process_memory_win.cc(73)] ReadMemory at 0x7fff39290000 of 64 bytes failed: Only part of a ReadProcessMemory or WriteProcessMemory request was completed. (0x12B)
[0824/225057.206:WARNING:pe_image_reader.cc(340)] could not read dos header from C:\WINDOWS\System32\sechost.dll
[0824/225057.206:ERROR:process_memory_win.cc(73)] ReadMemory at 0x7fff39170000 of 64 bytes failed: Only part of a ReadProcessMemory or WriteProcessMemory request was completed. (0x12B)
[0824/225057.206:WARNING:pe_image_reader.cc(340)] could not read dos header from C:\WINDOWS\System32\RPCRT4.dll
[0824/225057.206:ERROR:process_memory_win.cc(73)] ReadMemory at 0x7ffedf720000 of 64 bytes failed: Only part of a ReadProcessMemory or WriteProcessMemory request was completed. (0x12B)
[0824/225057.206:WARNING:pe_image_reader.cc(340)] could not read dos header from C:\Program Files (x86)\Google\Chrome\Application\84.0.4147.135\chrome.dll
[0824/225057.206:ERROR:process_memory_win.cc(73)] ReadMemory at 0x7fff39980000 of 64 bytes failed: Only part of a ReadProcessMemory or WriteProcessMemory request was completed. (0x12B)
[0824/225057.206:WARNING:pe_image_reader.cc(340)] could not read dos header from C:\WINDOWS\System32\WS2_32.dll
[0824/225057.206:ERROR:process_memory_win.cc(73)] ReadMemory at 0x7fff38c90000 of 64 bytes failed: Only part of a ReadProcessMemory or WriteProcessMemory request was completed. (0x12B)
[0824/225057.206:WARNING:pe_image_reader.cc(340)] could not read dos header from C:\WINDOWS\System32\OLEAUT32.dll
[0824/225057.206:ERROR:process_memory_win.cc(73)] ReadMemory at 0x7fff37590000 of 64 bytes failed: Only part of a ReadProcessMemory or WriteProcessMemory request was completed. (0x12B)
[0824/225057.206:WARNING:pe_image_reader.cc(340)] could not read dos header from C:\WINDOWS\System32\msvcp_win.dll
[0824/225057.206:ERROR:process_memory_win.cc(73)] ReadMemory at 0x7fff37bd0000 of 64 bytes failed: Only part of a ReadProcessMemory or WriteProcessMemory request was completed. (0x12B)
[0824/225057.206:WARNING:pe_image_reader.cc(340)] could not read dos header from C:\WINDOWS\System32\ucrtbase.dll
[0824/225057.206:ERROR:process_memory_win.cc(73)] ReadMemory at 0x152d9550000 of 64 bytes failed: Only part of a ReadProcessMemory or WriteProcessMemory request was completed. (0x12B)
[0824/225057.206:WARNING:pe_image_reader.cc(340)] could not read dos header from C:\WINDOWS\System32\combase.dll
[0824/225057.206:ERROR:process_memory_win.cc(73)] ReadMemory at 0x7fff37500000 of 64 bytes failed: Only part of a ReadProcessMemory or WriteProcessMemory request was completed. (0x12B)
[0824/225057.206:WARNING:pe_image_reader.cc(340)] could not read dos header from C:\WINDOWS\System32\WINTRUST.dll
[0824/225057.206:ERROR:process_memory_win.cc(73)] ReadMemory at 0x7fff36bb0000 of 64 bytes failed: Only part of a ReadProcessMemory or WriteProcessMemory request was completed. (0x12B)
[0824/225057.206:WARNING:pe_image_reader.cc(340)] could not read dos header from C:\WINDOWS\System32\MSASN1.dll
[0824/225057.206:ERROR:process_memory_win.cc(73)] ReadMemory at 0x7fff37a80000 of 64 bytes failed: Only part of a ReadProcessMemory or WriteProcessMemory request was completed. (0x12B)
[0824/225057.206:WARNING:pe_image_reader.cc(340)] could not read dos header from C:\WINDOWS\System32\CRYPT32.dll
[0824/225057.206:ERROR:process_memory_win.cc(73)] ReadMemory at 0x7fff36020000 of 64 bytes failed: Only part of a ReadProcessMemory or WriteProcessMemory request was completed. (0x12B)
[0824/225057.206:WARNING:pe_image_reader.cc(340)] could not read dos header from C:\WINDOWS\SYSTEM32\IPHLPAPI.DLL
[0824/225057.206:ERROR:process_memory_win.cc(73)] ReadMemory at 0x7fff34280000 of 64 bytes failed: Only part of a ReadProcessMemory or WriteProcessMemory request was completed. (0x12B)
[0824/225057.206:WARNING:pe_image_reader.cc(340)] could not read dos header from C:\WINDOWS\SYSTEM32\WINMM.dll
[0824/225057.206:ERROR:process_memory_win.cc(73)] ReadMemory at 0x7fff31b70000 of 64 bytes failed: Only part of a ReadProcessMemory or WriteProcessMemory request was completed. (0x12B)
[0824/225057.206:WARNING:pe_image_reader.cc(340)] could not read dos header from C:\WINDOWS\SYSTEM32\Secur32.dll
[0824/225057.206:ERROR:process_memory_win.cc(73)] ReadMemory at 0x7fff36a20000 of 64 bytes failed: Only part of a ReadProcessMemory or WriteProcessMemory request was completed. (0x12B)
[0824/225057.206:WARNING:pe_image_reader.cc(340)] could not read dos header from C:\WINDOWS\SYSTEM32\USERENV.dll
[0824/225057.206:ERROR:process_memory_win.cc(73)] ReadMemory at 0x7fff36b60000 of 64 bytes failed: Only part of a ReadProcessMemory or WriteProcessMemory request was completed. (0x12B)
[0824/225057.206:WARNING:pe_image_reader.cc(340)] could not read dos header from C:\WINDOWS\System32\profapi.dll
[0824/225057.206:ERROR:process_memory_win.cc(73)] ReadMemory at 0x7fff0e810000 of 64 bytes failed: Only part of a ReadProcessMemory or WriteProcessMemory request was completed. (0x12B)
[0824/225057.206:WARNING:pe_image_reader.cc(340)] could not read dos header from C:\WINDOWS\SYSTEM32\UIAutomationCore.DLL
[0824/225057.206:ERROR:process_memory_win.cc(73)] ReadMemory at 0x7fff32690000 of 64 bytes failed: Only part of a ReadProcessMemory or WriteProcessMemory request was completed. (0x12B)
[0824/225057.206:WARNING:pe_image_reader.cc(340)] could not read dos header from C:\WINDOWS\SYSTEM32\DWrite.dll
[0824/225057.206:ERROR:process_memory_win.cc(73)] ReadMemory at 0x7fff30870000 of 64 bytes failed: Only part of a ReadProcessMemory or WriteProcessMemory request was completed. (0x12B)
[0824/225057.206:WARNING:pe_image_reader.cc(340)] could not read dos header from C:\WINDOWS\SYSTEM32\WINSPOOL.DRV
[0824/225057.206:ERROR:process_memory_win.cc(73)] ReadMemory at 0x7fff36b90000 of 64 bytes failed: Only part of a ReadProcessMemory or WriteProcessMemory request was completed. (0x12B)
[0824/225057.206:WARNING:pe_image_reader.cc(340)] could not read dos header from C:\WINDOWS\System32\kernel.appcore.dll
[0824/225057.206:ERROR:process_memory_win.cc(73)] ReadMemory at 0x7fff36cd0000 of 64 bytes failed: Only part of a ReadProcessMemory or WriteProcessMemory request was completed. (0x12B)
[0824/225057.206:WARNING:pe_image_reader.cc(340)] could not read dos header from C:\WINDOWS\System32\bcrypt.dll
[0824/225057.206:ERROR:process_memory_win.cc(73)] ReadMemory at 0x7fff35420000 of 64 bytes failed: Only part of a ReadProcessMemory or WriteProcessMemory request was completed. (0x12B)
[0824/225057.206:WARNING:pe_image_reader.cc(340)] could not read dos header from C:\WINDOWS\SYSTEM32\dbghelp.dll
[0824/225057.206:ERROR:process_memory_win.cc(73)] ReadMemory at 0x7fff2c2a0000 of 64 bytes failed: Only part of a ReadProcessMemory or WriteProcessMemory request was completed. (0x12B)
[0824/225057.206:WARNING:pe_image_reader.cc(340)] could not read dos header from C:\WINDOWS\SYSTEM32\WINHTTP.dll
[0824/225057.206:ERROR:process_memory_win.cc(73)] ReadMemory at 0x7fff2e880000 of 64 bytes failed: Only part of a ReadProcessMemory or WriteProcessMemory request was completed. (0x12B)
[0824/225057.206:WARNING:pe_image_reader.cc(340)] could not read dos header from C:\WINDOWS\SYSTEM32\dhcpcsvc.DLL
[0824/225057.214:ERROR:process_memory_win.cc(73)] ReadMemory at 0x7fff38b90000 of 64 bytes failed: Only part of a ReadProcessMemory or WriteProcessMemory request was completed. (0x12B)
[0824/225057.214:WARNING:pe_image_reader.cc(340)] could not read dos header from C:\WINDOWS\System32\NSI.dll
[0824/225057.214:ERROR:process_memory_win.cc(73)] ReadMemory at 0x7fff34250000 of 64 bytes failed: Only part of a ReadProcessMemory or WriteProcessMemory request was completed. (0x12B)
[0824/225057.214:WARNING:pe_image_reader.cc(340)] could not read dos header from C:\WINDOWS\SYSTEM32\WINMMBASE.dll
[0824/225057.214:ERROR:process_memory_win.cc(73)] ReadMemory at 0x7fff36bd0000 of 64 bytes failed: Only part of a ReadProcessMemory or WriteProcessMemory request was completed. (0x12B)
[0824/225057.214:WARNING:pe_image_reader.cc(340)] could not read dos header from C:\WINDOWS\System32\cfgmgr32.dll
[0824/225057.214:ERROR:process_memory_win.cc(73)] ReadMemory at 0x7fff32f00000 of 64 bytes failed: Only part of a ReadProcessMemory or WriteProcessMemory request was completed. (0x12B)
[0824/225057.214:WARNING:pe_image_reader.cc(340)] could not read dos header from C:\WINDOWS\SYSTEM32\PROPSYS.dll
[0824/225057.214:ERROR:process_memory_win.cc(73)] ReadMemory at 0x7fff37ed0000 of 64 bytes failed: Only part of a ReadProcessMemory or WriteProcessMemory request was completed. (0x12B)
[0824/225057.214:WARNING:pe_image_reader.cc(340)] could not read dos header from C:\WINDOWS\System32\shcore.dll
[0824/225057.214:ERROR:process_memory_win.cc(73)] ReadMemory at 0x7fff369f0000 of 64 bytes failed: Only part of a ReadProcessMemory or WriteProcessMemory request was completed. (0x12B)
[0824/225057.214:WARNING:pe_image_reader.cc(340)] could not read dos header from C:\WINDOWS\SYSTEM32\SSPICLI.DLL
[0824/225057.214:ERROR:process_memory_win.cc(73)] ReadMemory at 0x7fff364e0000 of 64 bytes failed: Only part of a ReadProcessMemory or WriteProcessMemory request was completed. (0x12B)
[0824/225057.214:WARNING:pe_image_reader.cc(340)] could not read dos header from C:\WINDOWS\SYSTEM32\CRYPTBASE.DLL
[0824/225057.319:ERROR:process_memory_win.cc(73)] ReadMemory at 0x7ff65eaf0000 of 64 bytes failed: Only part of a ReadProcessMemory or WriteProcessMemory request was completed. (0x12B)
[0824/225057.319:WARNING:pe_image_reader.cc(340)] could not read dos header from C:\Program Files (x86)\Google\Chrome\Application\chrome.exe
[0824/225057.319:ERROR:process_memory_win.cc(73)] ReadMemory at 0x7fff39c40000 of 64 bytes failed: Only part of a ReadProcessMemory or WriteProcessMemory request was completed. (0x12B)
[0824/225057.319:WARNING:pe_image_reader.cc(340)] could not read dos header from C:\WINDOWS\SYSTEM32\ntdll.dll
[0824/225057.319:ERROR:process_memory_win.cc(73)] ReadMemory at 0x7fff38d60000 of 64 bytes failed: Only part of a ReadProcessMemory or WriteProcessMemory request was completed. (0x12B)
[0824/225057.319:WARNING:pe_image_reader.cc(340)] could not read dos header from C:\WINDOWS\System32\KERNEL32.DLL
[0824/225057.319:ERROR:process_memory_win.cc(73)] ReadMemory at 0x7fff37630000 of 64 bytes failed: Only part of a ReadProcessMemory or WriteProcessMemory request was completed. (0x12B)
[0824/225057.319:WARNING:pe_image_reader.cc(340)] could not read dos header from C:\WINDOWS\System32\KERNELBASE.dll
[0824/225057.319:ERROR:process_memory_win.cc(73)] ReadMemory at 0x7fff0cf60000 of 64 bytes failed: Only part of a ReadProcessMemory or WriteProcessMemory request was completed. (0x12B)
[0824/225057.319:WARNING:pe_image_reader.cc(340)] could not read dos header from C:\Program Files (x86)\Google\Chrome\Application\84.0.4147.135\chrome_elf.dll
[0824/225057.319:ERROR:process_memory_win.cc(73)] ReadMemory at 0x7fff2f480000 of 64 bytes failed: Only part of a ReadProcessMemory or WriteProcessMemory request was completed. (0x12B)
[0824/225057.319:WARNING:pe_image_reader.cc(340)] could not read dos header from C:\WINDOWS\SYSTEM32\VERSION.dll
[0824/225057.319:ERROR:process_memory_win.cc(73)] ReadMemory at 0x7fff37e30000 of 64 bytes failed: Only part of a ReadProcessMemory or WriteProcessMemory request was completed. (0x12B)
[0824/225057.319:WARNING:pe_image_reader.cc(340)] could not read dos header from C:\WINDOWS\System32\msvcrt.dll
[0824/225057.319:ERROR:process_memory_win.cc(73)] ReadMemory at 0x7fff37480000 of 64 bytes failed: Only part of a ReadProcessMemory or WriteProcessMemory request was completed. (0x12B)
[0824/225057.319:WARNING:pe_image_reader.cc(340)] could not read dos header from C:\WINDOWS\System32\bcryptPrimitives.dll
[0824/225057.319:ERROR:process_memory_win.cc(73)] ReadMemory at 0x7fff388b0000 of 64 bytes failed: Only part of a ReadProcessMemory or WriteProcessMemory request was completed. (0x12B)
[0824/225057.319:WARNING:pe_image_reader.cc(340)] could not read dos header from C:\WINDOWS\System32\ADVAPI32.dll
[0824/225057.319:ERROR:process_memory_win.cc(73)] ReadMemory at 0x7fff39290000 of 64 bytes failed: Only part of a ReadProcessMemory or WriteProcessMemory request was completed. (0x12B)
[0824/225057.319:WARNING:pe_image_reader.cc(340)] could not read dos header from C:\WINDOWS\System32\sechost.dll
[0824/225057.319:ERROR:process_memory_win.cc(73)] ReadMemory at 0x7fff39170000 of 64 bytes failed: Only part of a ReadProcessMemory or WriteProcessMemory request was completed. (0x12B)
[0824/225057.319:WARNING:pe_image_reader.cc(340)] could not read dos header from C:\WINDOWS\System32\RPCRT4.dll
[0824/225057.319:ERROR:process_memory_win.cc(73)] ReadMemory at 0x7ffedf720000 of 64 bytes failed: Only part of a ReadProcessMemory or WriteProcessMemory request was completed. (0x12B)
[0824/225057.319:WARNING:pe_image_reader.cc(340)] could not read dos header from C:\Program Files (x86)\Google\Chrome\Application\84.0.4147.135\chrome.dll
[0824/225057.319:ERROR:process_memory_win.cc(73)] ReadMemory at 0x7fff39980000 of 64 bytes failed: Only part of a ReadProcessMemory or WriteProcessMemory request was completed. (0x12B)
[0824/225057.319:WARNING:pe_image_reader.cc(340)] could not read dos header from C:\WINDOWS\System32\WS2_32.dll
[0824/225057.319:ERROR:process_memory_win.cc(73)] ReadMemory at 0x7fff38c90000 of 64 bytes failed: Only part of a ReadProcessMemory or WriteProcessMemory request was completed. (0x12B)
[0824/225057.327:WARNING:pe_image_reader.cc(340)] could not read dos header from C:\WINDOWS\System32\OLEAUT32.dll
[0824/225057.327:ERROR:process_memory_win.cc(73)] ReadMemory at 0x7fff37590000 of 64 bytes failed: Only part of a ReadProcessMemory or WriteProcessMemory request was completed. (0x12B)
[0824/225057.327:WARNING:pe_image_reader.cc(340)] could not read dos header from C:\WINDOWS\System32\msvcp_win.dll
[0824/225057.327:ERROR:process_memory_win.cc(73)] ReadMemory at 0x7fff37bd0000 of 64 bytes failed: Only part of a ReadProcessMemory or WriteProcessMemory request was completed. (0x12B)
[0824/225057.327:WARNING:pe_image_reader.cc(340)] could not read dos header from C:\WINDOWS\System32\ucrtbase.dll
[0824/225057.327:ERROR:process_memory_win.cc(73)] ReadMemory at 0x152d9550000 of 64 bytes failed: Only part of a ReadProcessMemory or WriteProcessMemory request was completed. (0x12B)
[0824/225057.327:WARNING:pe_image_reader.cc(340)] could not read dos header from C:\WINDOWS\System32\combase.dll
[0824/225057.328:ERROR:process_memory_win.cc(73)] ReadMemory at 0x7fff37500000 of 64 bytes failed: Only part of a ReadProcessMemory or WriteProcessMemory request was completed. (0x12B)
[0824/225057.328:WARNING:pe_image_reader.cc(340)] could not read dos header from C:\WINDOWS\System32\WINTRUST.dll
[0824/225057.328:ERROR:process_memory_win.cc(73)] ReadMemory at 0x7fff36bb0000 of 64 bytes failed: Only part of a ReadProcessMemory or WriteProcessMemory request was completed. (0x12B)
[0824/225057.328:WARNING:pe_image_reader.cc(340)] could not read dos header from C:\WINDOWS\System32\MSASN1.dll
[0824/225057.328:ERROR:process_memory_win.cc(73)] ReadMemory at 0x7fff37a80000 of 64 bytes failed: Only part of a ReadProcessMemory or WriteProcessMemory request was completed. (0x12B)
[0824/225057.328:WARNING:pe_image_reader.cc(340)] could not read dos header from C:\WINDOWS\System32\CRYPT32.dll
[0824/225057.328:ERROR:process_memory_win.cc(73)] ReadMemory at 0x7fff36020000 of 64 bytes failed: Only part of a ReadProcessMemory or WriteProcessMemory request was completed. (0x12B)
[0824/225057.328:WARNING:pe_image_reader.cc(340)] could not read dos header from C:\WINDOWS\SYSTEM32\IPHLPAPI.DLL
[0824/225057.328:ERROR:process_memory_win.cc(73)] ReadMemory at 0x7fff34280000 of 64 bytes failed: Only part of a ReadProcessMemory or WriteProcessMemory request was completed. (0x12B)
[0824/225057.328:WARNING:pe_image_reader.cc(340)] could not read dos header from C:\WINDOWS\SYSTEM32\WINMM.dll
[0824/225057.328:ERROR:process_memory_win.cc(73)] ReadMemory at 0x7fff31b70000 of 64 bytes failed: Only part of a ReadProcessMemory or WriteProcessMemory request was completed. (0x12B)
[0824/225057.328:WARNING:pe_image_reader.cc(340)] could not read dos header from C:\WINDOWS\SYSTEM32\Secur32.dll
[0824/225057.328:ERROR:process_memory_win.cc(73)] ReadMemory at 0x7fff36a20000 of 64 bytes failed: Only part of a ReadProcessMemory or WriteProcessMemory request was completed. (0x12B)
[0824/225057.328:WARNING:pe_image_reader.cc(340)] could not read dos header from C:\WINDOWS\SYSTEM32\USERENV.dll
[0824/225057.328:ERROR:process_memory_win.cc(73)] ReadMemory at 0x7fff36b60000 of 64 bytes failed: Only part of a ReadProcessMemory or WriteProcessMemory request was completed. (0x12B)
[0824/225057.328:WARNING:pe_image_reader.cc(340)] could not read dos header from C:\WINDOWS\System32\profapi.dll
[0824/225057.328:ERROR:process_memory_win.cc(73)] ReadMemory at 0x7fff0e810000 of 64 bytes failed: Only part of a ReadProcessMemory or WriteProcessMemory request was completed. (0x12B)
[0824/225057.328:WARNING:pe_image_reader.cc(340)] could not read dos header from C:\WINDOWS\SYSTEM32\UIAutomationCore.DLL
[0824/225057.328:ERROR:process_memory_win.cc(73)] ReadMemory at 0x7fff32690000 of 64 bytes failed: Only part of a ReadProcessMemory or WriteProcessMemory request was completed. (0x12B)
[0824/225057.328:WARNING:pe_image_reader.cc(340)] could not read dos header from C:\WINDOWS\SYSTEM32\DWrite.dll
[0824/225057.328:ERROR:process_memory_win.cc(73)] ReadMemory at 0x7fff30870000 of 64 bytes failed: Only part of a ReadProcessMemory or WriteProcessMemory request was completed. (0x12B)
[0824/225057.328:WARNING:pe_image_reader.cc(340)] could not read dos header from C:\WINDOWS\SYSTEM32\WINSPOOL.DRV
[0824/225057.328:ERROR:process_memory_win.cc(73)] ReadMemory at 0x7fff36b90000 of 64 bytes failed: Only part of a ReadProcessMemory or WriteProcessMemory request was completed. (0x12B)
[0824/225057.328:WARNING:pe_image_reader.cc(340)] could not read dos header from C:\WINDOWS\System32\kernel.appcore.dll
[0824/225057.328:ERROR:process_memory_win.cc(73)] ReadMemory at 0x7fff36cd0000 of 64 bytes failed: Only part of a ReadProcessMemory or WriteProcessMemory request was completed. (0x12B)
[0824/225057.328:WARNING:pe_image_reader.cc(340)] could not read dos header from C:\WINDOWS\System32\bcrypt.dll
[0824/225057.328:ERROR:process_memory_win.cc(73)] ReadMemory at 0x7fff35420000 of 64 bytes failed: Only part of a ReadProcessMemory or WriteProcessMemory request was completed. (0x12B)
[0824/225057.328:WARNING:pe_image_reader.cc(340)] could not read dos header from C:\WINDOWS\SYSTEM32\dbghelp.dll
[0824/225057.328:ERROR:process_memory_win.cc(73)] ReadMemory at 0x7fff2c2a0000 of 64 bytes failed: Only part of a ReadProcessMemory or WriteProcessMemory request was completed. (0x12B)
[0824/225057.328:WARNING:pe_image_reader.cc(340)] could not read dos header from C:\WINDOWS\SYSTEM32\WINHTTP.dll
[0824/225057.328:ERROR:process_memory_win.cc(73)] ReadMemory at 0x7fff2e880000 of 64 bytes failed: Only part of a ReadProcessMemory or WriteProcessMemory request was completed. (0x12B)
[0824/225057.328:WARNING:pe_image_reader.cc(340)] could not read dos header from C:\WINDOWS\SYSTEM32\dhcpcsvc.DLL
[0824/225057.328:ERROR:process_memory_win.cc(73)] ReadMemory at 0x7fff38b90000 of 64 bytes failed: Only part of a ReadProcessMemory or WriteProcessMemory request was completed. (0x12B)
[0824/225057.328:WARNING:pe_image_reader.cc(340)] could not read dos header from C:\WINDOWS\System32\NSI.dll
[0824/225057.328:ERROR:process_memory_win.cc(73)] ReadMemory at 0x7fff34250000 of 64 bytes failed: Only part of a ReadProcessMemory or WriteProcessMemory request was completed. (0x12B)
[0824/225057.328:WARNING:pe_image_reader.cc(340)] could not read dos header from C:\WINDOWS\SYSTEM32\WINMMBASE.dll
[0824/225057.328:ERROR:process_memory_win.cc(73)] ReadMemory at 0x7fff36bd0000 of 64 bytes failed: Only part of a ReadProcessMemory or WriteProcessMemory request was completed. (0x12B)
[0824/225057.328:WARNING:pe_image_reader.cc(340)] could not read dos header from C:\WINDOWS\System32\cfgmgr32.dll
[0824/225057.328:ERROR:process_memory_win.cc(73)] ReadMemory at 0x7fff32f00000 of 64 bytes failed: Only part of a ReadProcessMemory or WriteProcessMemory request was completed. (0x12B)
[0824/225057.328:WARNING:pe_image_reader.cc(340)] could not read dos header from C:\WINDOWS\SYSTEM32\PROPSYS.dll
[0824/225057.328:ERROR:process_memory_win.cc(73)] ReadMemory at 0x7fff37ed0000 of 64 bytes failed: Only part of a ReadProcessMemory or WriteProcessMemory request was completed. (0x12B)
[0824/225057.332:WARNING:pe_image_reader.cc(340)] could not read dos header from C:\WINDOWS\System32\shcore.dll
[0824/225057.332:ERROR:process_memory_win.cc(73)] ReadMemory at 0x7fff369f0000 of 64 bytes failed: Only part of a ReadProcessMemory or WriteProcessMemory request was completed. (0x12B)
[0824/225057.332:WARNING:pe_image_reader.cc(340)] could not read dos header from C:\WINDOWS\SYSTEM32\SSPICLI.DLL
[0824/225057.332:ERROR:process_memory_win.cc(73)] ReadMemory at 0x7fff364e0000 of 64 bytes failed: Only part of a ReadProcessMemory or WriteProcessMemory request was completed. (0x12B)
[0824/225057.332:WARNING:pe_image_reader.cc(340)] could not read dos header from C:\WINDOWS\SYSTEM32\CRYPTBASE.DLL
[0824/225057.332:ERROR:process_memory_win.cc(73)] ReadMemory at 0x7ff65eaf0000 of 64 bytes failed: Only part of a ReadProcessMemory or WriteProcessMemory request was completed. (0x12B)
[0824/225057.332:WARNING:pe_image_reader.cc(340)] could not read dos header from C:\Program Files (x86)\Google\Chrome\Application\chrome.exe
[0824/225057.332:ERROR:process_memory_win.cc(73)] ReadMemory at 0x7fff39c40000 of 64 bytes failed: Only part of a ReadProcessMemory or WriteProcessMemory request was completed. (0x12B)
[0824/225057.332:WARNING:pe_image_reader.cc(340)] could not read dos header from C:\WINDOWS\SYSTEM32\ntdll.dll
[0824/225057.332:ERROR:process_memory_win.cc(73)] ReadMemory at 0x7fff38d60000 of 64 bytes failed: Only part of a ReadProcessMemory or WriteProcessMemory request was completed. (0x12B)
[0824/225057.333:WARNING:pe_image_reader.cc(340)] could not read dos header from C:\WINDOWS\System32\KERNEL32.DLL
[0824/225057.333:ERROR:process_memory_win.cc(73)] ReadMemory at 0x7fff37630000 of 64 bytes failed: Only part of a ReadProcessMemory or WriteProcessMemory request was completed. (0x12B)
[0824/225057.333:WARNING:pe_image_reader.cc(340)] could not read dos header from C:\WINDOWS\System32\KERNELBASE.dll
[0824/225057.333:ERROR:process_memory_win.cc(73)] ReadMemory at 0x7fff0cf60000 of 64 bytes failed: Only part of a ReadProcessMemory or WriteProcessMemory request was completed. (0x12B)
[0824/225057.333:WARNING:pe_image_reader.cc(340)] could not read dos header from C:\Program Files (x86)\Google\Chrome\Application\84.0.4147.135\chrome_elf.dll
[0824/225057.333:ERROR:process_memory_win.cc(73)] ReadMemory at 0x7fff2f480000 of 64 bytes failed: Only part of a ReadProcessMemory or WriteProcessMemory request was completed. (0x12B)
[0824/225057.333:WARNING:pe_image_reader.cc(340)] could not read dos header from C:\WINDOWS\SYSTEM32\VERSION.dll
[0824/225057.333:ERROR:process_memory_win.cc(73)] ReadMemory at 0x7fff37e30000 of 64 bytes failed: Only part of a ReadProcessMemory or WriteProcessMemory request was completed. (0x12B)
[0824/225057.333:WARNING:pe_image_reader.cc(340)] could not read dos header from C:\WINDOWS\System32\msvcrt.dll
[0824/225057.333:ERROR:process_memory_win.cc(73)] ReadMemory at 0x7fff37480000 of 64 bytes failed: Only part of a ReadProcessMemory or WriteProcessMemory request was completed. (0x12B)
[0824/225057.333:WARNING:pe_image_reader.cc(340)] could not read dos header from C:\WINDOWS\System32\bcryptPrimitives.dll
[0824/225057.333:ERROR:process_memory_win.cc(73)] ReadMemory at 0x7fff388b0000 of 64 bytes failed: Only part of a ReadProcessMemory or WriteProcessMemory request was completed. (0x12B)
[0824/225057.333:WARNING:pe_image_reader.cc(340)] could not read dos header from C:\WINDOWS\System32\ADVAPI32.dll
[0824/225057.333:ERROR:process_memory_win.cc(73)] ReadMemory at 0x7fff39290000 of 64 bytes failed: Only part of a ReadProcessMemory or WriteProcessMemory request was completed. (0x12B)
[0824/225057.333:WARNING:pe_image_reader.cc(340)] could not read dos header from C:\WINDOWS\System32\sechost.dll
[0824/225057.333:ERROR:process_memory_win.cc(73)] ReadMemory at 0x7fff39170000 of 64 bytes failed: Only part of a ReadProcessMemory or WriteProcessMemory request was completed. (0x12B)
[0824/225057.333:WARNING:pe_image_reader.cc(340)] could not read dos header from C:\WINDOWS\System32\RPCRT4.dll
[0824/225057.333:ERROR:process_memory_win.cc(73)] ReadMemory at 0x7ffedf720000 of 64 bytes failed: Only part of a ReadProcessMemory or WriteProcessMemory request was completed. (0x12B)
[0824/225057.333:WARNING:pe_image_reader.cc(340)] could not read dos header from C:\Program Files (x86)\Google\Chrome\Application\84.0.4147.135\chrome.dll
[0824/225057.333:ERROR:process_memory_win.cc(73)] ReadMemory at 0x7fff39980000 of 64 bytes failed: Only part of a ReadProcessMemory or WriteProcessMemory request was completed. (0x12B)
[0824/225057.333:WARNING:pe_image_reader.cc(340)] could not read dos header from C:\WINDOWS\System32\WS2_32.dll
[0824/225057.333:ERROR:process_memory_win.cc(73)] ReadMemory at 0x7fff38c90000 of 64 bytes failed: Only part of a ReadProcessMemory or WriteProcessMemory request was completed. (0x12B)
[0824/225057.333:WARNING:pe_image_reader.cc(340)] could not read dos header from C:\WINDOWS\System32\OLEAUT32.dll
[0824/225057.333:ERROR:process_memory_win.cc(73)] ReadMemory at 0x7fff37590000 of 64 bytes failed: Only part of a ReadProcessMemory or WriteProcessMemory request was completed. (0x12B)
[0824/225057.333:WARNING:pe_image_reader.cc(340)] could not read dos header from C:\WINDOWS\System32\msvcp_win.dll
[0824/225057.333:ERROR:process_memory_win.cc(73)] ReadMemory at 0x7fff37bd0000 of 64 bytes failed: Only part of a ReadProcessMemory or WriteProcessMemory request was completed. (0x12B)
[0824/225057.333:WARNING:pe_image_reader.cc(340)] could not read dos header from C:\WINDOWS\System32\ucrtbase.dll
[0824/225057.333:ERROR:process_memory_win.cc(73)] ReadMemory at 0x152d9550000 of 64 bytes failed: Only part of a ReadProcessMemory or WriteProcessMemory request was completed. (0x12B)
[0824/225057.333:WARNING:pe_image_reader.cc(340)] could not read dos header from C:\WINDOWS\System32\combase.dll
[0824/225057.333:ERROR:process_memory_win.cc(73)] ReadMemory at 0x7fff37500000 of 64 bytes failed: Only part of a ReadProcessMemory or WriteProcessMemory request was completed. (0x12B)
[0824/225057.333:WARNING:pe_image_reader.cc(340)] could not read dos header from C:\WINDOWS\System32\WINTRUST.dll
[0824/225057.333:ERROR:process_memory_win.cc(73)] ReadMemory at 0x7fff36bb0000 of 64 bytes failed: Only part of a ReadProcessMemory or WriteProcessMemory request was completed. (0x12B)
[0824/225057.333:WARNING:pe_image_reader.cc(340)] could not read dos header from C:\WINDOWS\System32\MSASN1.dll
[0824/225057.333:ERROR:process_memory_win.cc(73)] ReadMemory at 0x7fff37a80000 of 64 bytes failed: Only part of a ReadProcessMemory or WriteProcessMemory request was completed. (0x12B)
[0824/225057.333:WARNING:pe_image_reader.cc(340)] could not read dos header from C:\WINDOWS\System32\CRYPT32.dll
[0824/225057.333:ERROR:process_memory_win.cc(73)] ReadMemory at 0x7fff36020000 of 64 bytes failed: Only part of a ReadProcessMemory or WriteProcessMemory request was completed. (0x12B)
[0824/225057.333:WARNING:pe_image_reader.cc(340)] could not read dos header from C:\WINDOWS\SYSTEM32\IPHLPAPI.DLL
[0824/225057.333:ERROR:process_memory_win.cc(73)] ReadMemory at 0x7fff34280000 of 64 bytes failed: Only part of a ReadProcessMemory or WriteProcessMemory request was completed. (0x12B)
[0824/225057.333:WARNING:pe_image_reader.cc(340)] could not read dos header from C:\WINDOWS\SYSTEM32\WINMM.dll
[0824/225057.337:ERROR:process_memory_win.cc(73)] ReadMemory at 0x7fff31b70000 of 64 bytes failed: Only part of a ReadProcessMemory or WriteProcessMemory request was completed. (0x12B)
[0824/225057.337:WARNING:pe_image_reader.cc(340)] could not read dos header from C:\WINDOWS\SYSTEM32\Secur32.dll
[0824/225057.337:ERROR:process_memory_win.cc(73)] ReadMemory at 0x7fff36a20000 of 64 bytes failed: Only part of a ReadProcessMemory or WriteProcessMemory request was completed. (0x12B)
[0824/225057.337:WARNING:pe_image_reader.cc(340)] could not read dos header from C:\WINDOWS\SYSTEM32\USERENV.dll
[0824/225057.337:ERROR:process_memory_win.cc(73)] ReadMemory at 0x7fff36b60000 of 64 bytes failed: Only part of a ReadProcessMemory or WriteProcessMemory request was completed. (0x12B)
[0824/225057.337:WARNING:pe_image_reader.cc(340)] could not read dos header from C:\WINDOWS\System32\profapi.dll
[0824/225057.337:ERROR:process_memory_win.cc(73)] ReadMemory at 0x7fff0e810000 of 64 bytes failed: Only part of a ReadProcessMemory or WriteProcessMemory request was completed. (0x12B)
[0824/225057.337:WARNING:pe_image_reader.cc(340)] could not read dos header from C:\WINDOWS\SYSTEM32\UIAutomationCore.DLL
[0824/225057.338:ERROR:process_memory_win.cc(73)] ReadMemory at 0x7fff32690000 of 64 bytes failed: Only part of a ReadProcessMemory or WriteProcessMemory request was completed. (0x12B)
[0824/225057.338:WARNING:pe_image_reader.cc(340)] could not read dos header from C:\WINDOWS\SYSTEM32\DWrite.dll
[0824/225057.338:ERROR:process_memory_win.cc(73)] ReadMemory at 0x7fff30870000 of 64 bytes failed: Only part of a ReadProcessMemory or WriteProcessMemory request was completed. (0x12B)
[0824/225057.338:WARNING:pe_image_reader.cc(340)] could not read dos header from C:\WINDOWS\SYSTEM32\WINSPOOL.DRV
[0824/225057.338:ERROR:process_memory_win.cc(73)] ReadMemory at 0x7fff36b90000 of 64 bytes failed: Only part of a ReadProcessMemory or WriteProcessMemory request was completed. (0x12B)
[0824/225057.338:WARNING:pe_image_reader.cc(340)] could not read dos header from C:\WINDOWS\System32\kernel.appcore.dll
[0824/225057.338:ERROR:process_memory_win.cc(73)] ReadMemory at 0x7fff36cd0000 of 64 bytes failed: Only part of a ReadProcessMemory or WriteProcessMemory request was completed. (0x12B)
[0824/225057.339:WARNING:pe_image_reader.cc(340)] could not read dos header from C:\WINDOWS\System32\bcrypt.dll
[0824/225057.339:ERROR:process_memory_win.cc(73)] ReadMemory at 0x7fff35420000 of 64 bytes failed: Only part of a ReadProcessMemory or WriteProcessMemory request was completed. (0x12B)
[0824/225057.339:WARNING:pe_image_reader.cc(340)] could not read dos header from C:\WINDOWS\SYSTEM32\dbghelp.dll
[0824/225057.339:ERROR:process_memory_win.cc(73)] ReadMemory at 0x7fff2c2a0000 of 64 bytes failed: Only part of a ReadProcessMemory or WriteProcessMemory request was completed. (0x12B)
[0824/225057.339:WARNING:pe_image_reader.cc(340)] could not read dos header from C:\WINDOWS\SYSTEM32\WINHTTP.dll
[0824/225057.339:ERROR:process_memory_win.cc(73)] ReadMemory at 0x7fff2e880000 of 64 bytes failed: Only part of a ReadProcessMemory or WriteProcessMemory request was completed. (0x12B)
[0824/225057.339:WARNING:pe_image_reader.cc(340)] could not read dos header from C:\WINDOWS\SYSTEM32\dhcpcsvc.DLL
[0824/225057.340:ERROR:process_memory_win.cc(73)] ReadMemory at 0x7fff38b90000 of 64 bytes failed: Only part of a ReadProcessMemory or WriteProcessMemory request was completed. (0x12B)
[0824/225057.340:WARNING:pe_image_reader.cc(340)] could not read dos header from C:\WINDOWS\System32\NSI.dll
[0824/225057.340:ERROR:process_memory_win.cc(73)] ReadMemory at 0x7fff34250000 of 64 bytes failed: Only part of a ReadProcessMemory or WriteProcessMemory request was completed. (0x12B)
[0824/225057.340:WARNING:pe_image_reader.cc(340)] could not read dos header from C:\WINDOWS\SYSTEM32\WINMMBASE.dll
[0824/225057.340:ERROR:process_memory_win.cc(73)] ReadMemory at 0x7fff36bd0000 of 64 bytes failed: Only part of a ReadProcessMemory or WriteProcessMemory request was completed. (0x12B)
[0824/225057.340:WARNING:pe_image_reader.cc(340)] could not read dos header from C:\WINDOWS\System32\cfgmgr32.dll
[0824/225057.341:ERROR:process_memory_win.cc(73)] ReadMemory at 0x7fff32f00000 of 64 bytes failed: Only part of a ReadProcessMemory or WriteProcessMemory request was completed. (0x12B)
[0824/225057.341:WARNING:pe_image_reader.cc(340)] could not read dos header from C:\WINDOWS\SYSTEM32\PROPSYS.dll
[0824/225057.341:ERROR:process_memory_win.cc(73)] ReadMemory at 0x7fff37ed0000 of 64 bytes failed: Only part of a ReadProcessMemory or WriteProcessMemory request was completed. (0x12B)
[0824/225057.341:WARNING:pe_image_reader.cc(340)] could not read dos header from C:\WINDOWS\System32\shcore.dll
[0824/225057.341:ERROR:process_memory_win.cc(73)] ReadMemory at 0x7fff369f0000 of 64 bytes failed: Only part of a ReadProcessMemory or WriteProcessMemory request was completed. (0x12B)
[0824/225057.341:WARNING:pe_image_reader.cc(340)] could not read dos header from C:\WINDOWS\SYSTEM32\SSPICLI.DLL
[0824/225057.341:ERROR:process_memory_win.cc(73)] ReadMemory at 0x7fff364e0000 of 64 bytes failed: Only part of a ReadProcessMemory or WriteProcessMemory request was completed. (0x12B)
[0824/225057.341:WARNING:pe_image_reader.cc(340)] could not read dos header from C:\WINDOWS\SYSTEM32\CRYPTBASE.DLL
[0824/225057.382:ERROR:process_memory_win.cc(73)] ReadMemory at 0x1dad1dd000 of 143360 bytes failed: Only part of a ReadProcessMemory or WriteProcessMemory request was completed. (0x12B)
[0824/225057.382:ERROR:process_memory_win.cc(73)] ReadMemory at 0x1dad9fd000 of 12288 bytes failed: Only part of a ReadProcessMemory or WriteProcessMemory request was completed. (0x12B)
[0824/225057.382:ERROR:process_memory_win.cc(73)] ReadMemory at 0x1dae9fc000 of 16384 bytes failed: Only part of a ReadProcessMemory or WriteProcessMemory request was completed. (0x12B)
[0824/225057.382:ERROR:process_memory_win.cc(73)] ReadMemory at 0x1daf1fc000 of 16384 bytes failed: Only part of a ReadProcessMemory or WriteProcessMemory request was completed. (0x12B)
[0824/225057.382:ERROR:process_memory_win.cc(73)] ReadMemory at 0x1daf9ff000 of 4096 bytes failed: Only part of a ReadProcessMemory or WriteProcessMemory request was completed. (0x12B)
[0824/225057.382:ERROR:process_memory_win.cc(73)] ReadMemory at 0x1db01fd000 of 12288 bytes failed: Only part of a ReadProcessMemory or WriteProcessMemory request was completed. (0x12B)
[0824/225057.382:ERROR:process_memory_win.cc(73)] ReadMemory at 0x1db09fb000 of 20480 bytes failed: Only part of a ReadProcessMemory or WriteProcessMemory request was completed. (0x12B)
[0824/225057.382:ERROR:process_memory_win.cc(73)] ReadMemory at 0x1db19fb000 of 20480 bytes failed: Only part of a ReadProcessMemory or WriteProcessMemory request was completed. (0x12B)
[0824/225057.382:ERROR:process_memory_win.cc(73)] ReadMemory at 0x1db21fa000 of 24576 bytes failed: Only part of a ReadProcessMemory or WriteProcessMemory request was completed. (0x12B)
[0824/225057.382:ERROR:process_memory_win.cc(73)] ReadMemory at 0x1db29f9000 of 28672 bytes failed: Only part of a ReadProcessMemory or WriteProcessMemory request was completed. (0x12B)
[0824/225057.382:ERROR:process_memory_win.cc(73)] ReadMemory at 0x1db31fd000 of 12288 bytes failed: Only part of a ReadProcessMemory or WriteProcessMemory request was completed. (0x12B)
[0824/225057.382:ERROR:process_memory_win.cc(73)] ReadMemory at 0x1db11fd000 of 12288 bytes failed: Only part of a ReadProcessMemory or WriteProcessMemory request was completed. (0x12B)
[0824/225057.382:ERROR:process_memory_win.cc(73)] ReadMemory at 0x1db51fd000 of 12288 bytes failed: Only part of a ReadProcessMemory or WriteProcessMemory request was completed. (0x12B)
[0824/225057.382:ERROR:process_memory_win.cc(73)] ReadMemory at 0x1db59fb000 of 20480 bytes failed: Only part of a ReadProcessMemory or WriteProcessMemory request was completed. (0x12B)
[0824/225057.382:ERROR:process_memory_win.cc(73)] ReadMemory at 0x1db61fc000 of 16384 bytes failed: Only part of a ReadProcessMemory or WriteProcessMemory request was completed. (0x12B)
[0824/225057.382:ERROR:process_memory_win.cc(73)] ReadMemory at 0x1db39fc000 of 16384 bytes failed: Only part of a ReadProcessMemory or WriteProcessMemory request was completed. (0x12B)
[0824/225057.382:ERROR:process_memory_win.cc(73)] ReadMemory at 0x1dae1fe000 of 8192 bytes failed: Only part of a ReadProcessMemory or WriteProcessMemory request was completed. (0x12B)
[0824/225057.382:ERROR:process_memory_win.cc(73)] ReadMemory at 0x1db49fd000 of 12288 bytes failed: Only part of a ReadProcessMemory or WriteProcessMemory request was completed. (0x12B)
[0824/225057.382:ERROR:process_memory_win.cc(73)] ReadMemory at 0x1db69fc000 of 16384 bytes failed: Only part of a ReadProcessMemory or WriteProcessMemory request was completed. (0x12B)
[0824/225057.382:ERROR:process_memory_win.cc(73)] ReadMemory at 0x1db41ff000 of 4096 bytes failed: Only part of a ReadProcessMemory or WriteProcessMemory request was completed. (0x12B)
[0824/225057.478:ERROR:process_memory_win.cc(73)] ReadMemory at 0x1dac813000 of 852 bytes failed: Only part of a ReadProcessMemory or WriteProcessMemory request was completed. (0x12B)
[0824/225057.478:ERROR:process_memory_win.cc(73)] ReadMemory at 0x1dac814000 of 6024 bytes failed: Only part of a ReadProcessMemory or WriteProcessMemory request was completed. (0x12B)
[0824/225057.478:ERROR:process_memory_win.cc(73)] ReadMemory at 0x1dac816000 of 6024 bytes failed: Only part of a ReadProcessMemory or WriteProcessMemory request was completed. (0x12B)
[0824/225057.478:ERROR:process_memory_win.cc(73)] ReadMemory at 0x1dac81a000 of 6024 bytes failed: Only part of a ReadProcessMemory or WriteProcessMemory request was completed. (0x12B)
[0824/225057.478:ERROR:process_memory_win.cc(73)] ReadMemory at 0x1dac81c000 of 6024 bytes failed: Only part of a ReadProcessMemory or WriteProcessMemory request was completed. (0x12B)
[0824/225057.478:ERROR:process_memory_win.cc(73)] ReadMemory at 0x1dac81e000 of 6024 bytes failed: Only part of a ReadProcessMemory or WriteProcessMemory request was completed. (0x12B)
[0824/225057.478:ERROR:process_memory_win.cc(73)] ReadMemory at 0x1dac820000 of 6024 bytes failed: Only part of a ReadProcessMemory or WriteProcessMemory request was completed. (0x12B)
[0824/225057.478:ERROR:process_memory_win.cc(73)] ReadMemory at 0x1dac822000 of 6024 bytes failed: Only part of a ReadProcessMemory or WriteProcessMemory request was completed. (0x12B)
[0824/225057.478:ERROR:process_memory_win.cc(73)] ReadMemory at 0x1dac826000 of 6024 bytes failed: Only part of a ReadProcessMemory or WriteProcessMemory request was completed. (0x12B)
[0824/225057.478:ERROR:process_memory_win.cc(73)] ReadMemory at 0x1dac828000 of 6024 bytes failed: Only part of a ReadProcessMemory or WriteProcessMemory request was completed. (0x12B)
[0824/225057.486:ERROR:process_memory_win.cc(73)] ReadMemory at 0x1dac82a000 of 6024 bytes failed: Only part of a ReadProcessMemory or WriteProcessMemory request was completed. (0x12B)
[0824/225057.486:ERROR:process_memory_win.cc(73)] ReadMemory at 0x1dac82c000 of 6024 bytes failed: Only part of a ReadProcessMemory or WriteProcessMemory request was completed. (0x12B)
[0824/225057.486:ERROR:process_memory_win.cc(73)] ReadMemory at 0x1dac836000 of 6024 bytes failed: Only part of a ReadProcessMemory or WriteProcessMemory request was completed. (0x12B)
[0824/225057.486:ERROR:process_memory_win.cc(73)] ReadMemory at 0x1dac840000 of 6024 bytes failed: Only part of a ReadProcessMemory or WriteProcessMemory request was completed. (0x12B)
[0824/225057.486:ERROR:process_memory_win.cc(73)] ReadMemory at 0x1dac850000 of 6024 bytes failed: Only part of a ReadProcessMemory or WriteProcessMemory request was completed. (0x12B)
[0824/225057.486:ERROR:process_memory_win.cc(73)] ReadMemory at 0x1dac860000 of 6024 bytes failed: Only part of a ReadProcessMemory or WriteProcessMemory request was completed. (0x12B)
[0824/225057.486:ERROR:process_memory_win.cc(73)] ReadMemory at 0x1dac8ec000 of 6024 bytes failed: Only part of a ReadProcessMemory or WriteProcessMemory request was completed. (0x12B)
[0824/225057.486:ERROR:process_memory_win.cc(73)] ReadMemory at 0x1dac914000 of 6024 bytes failed: Only part of a ReadProcessMemory or WriteProcessMemory request was completed. (0x12B)
[0824/225057.486:ERROR:process_memory_win.cc(73)] ReadMemory at 0x1dac91c000 of 6024 bytes failed: Only part of a ReadProcessMemory or WriteProcessMemory request was completed. (0x12B)
[0824/225057.486:ERROR:process_memory_win.cc(73)] ReadMemory at 0x1dac91e000 of 6024 bytes failed: Only part of a ReadProcessMemory or WriteProcessMemory request was completed. (0x12B)
[0824/225057.486:ERROR:process_memory_win.cc(73)] ReadMemory at 0x1dac920000 of 6024 bytes failed: Only part of a ReadProcessMemory or WriteProcessMemory request was completed. (0x12B)
[0824/225057.486:ERROR:process_memory_win.cc(73)] ReadMemory at 0x152d8f80ad0 of 512 bytes failed: Only part of a ReadProcessMemory or WriteProcessMemory request was completed. (0x12B)
[0824/225057.486:ERROR:process_memory_win.cc(73)] ReadMemory at 0x152d8f80fe0 of 15486 bytes failed: Only part of a ReadProcessMemory or WriteProcessMemory request was completed. (0x12B)
[0824/225057.486:ERROR:process_memory_win.cc(73)] ReadMemory at 0x152d8f84c70 of 1012 bytes failed: Only part of a ReadProcessMemory or WriteProcessMemory request was completed. (0x12B)
[0824/225057.486:ERROR:process_memory_win.cc(73)] ReadMemory at 0x152d8f852b8 of 118 bytes failed: Only part of a ReadProcessMemory or WriteProcessMemory request was completed. (0x12B)
[0824/225057.486:ERROR:process_memory_win.cc(73)] ReadMemory at 0x152d8f85330 of 892 bytes failed: Only part of a ReadProcessMemory or WriteProcessMemory request was completed. (0x12B)
[0824/225057.486:ERROR:process_memory_win.cc(73)] ReadMemory at 0x152d8f856ae of 118 bytes failed: Only part of a ReadProcessMemory or WriteProcessMemory request was completed. (0x12B)
[0824/225057.486:ERROR:process_memory_win.cc(73)] ReadMemory at 0x152d8f85726 of 96 bytes failed: Only part of a ReadProcessMemory or WriteProcessMemory request was completed. (0x12B)
[0824/225057.486:ERROR:process_memory_win.cc(73)] ReadMemory at 0x152d8f857a0 of 58 bytes failed: Only part of a ReadProcessMemory or WriteProcessMemory request was completed. (0x12B)
[0824/225057.486:ERROR:process_memory_win.cc(73)] ReadMemory at 0x152d8f858a0 of 132 bytes failed: Only part of a ReadProcessMemory or WriteProcessMemory request was completed. (0x12B)
[0824/225057.486:ERROR:process_memory_win.cc(73)] ReadMemory at 0x152d8f85a30 of 132 bytes failed: Only part of a ReadProcessMemory or WriteProcessMemory request was completed. (0x12B)
[0824/225057.486:ERROR:process_memory_win.cc(73)] ReadMemory at 0x152d8f85bf0 of 126 bytes failed: Only part of a ReadProcessMemory or WriteProcessMemory request was completed. (0x12B)
[0824/225057.486:ERROR:process_memory_win.cc(73)] ReadMemory at 0x152d8f85fd0 of 132 bytes failed: Only part of a ReadProcessMemory or WriteProcessMemory request was completed. (0x12B)
[0824/225057.486:ERROR:process_memory_win.cc(73)] ReadMemory at 0x152d8f86160 of 64 bytes failed: Only part of a ReadProcessMemory or WriteProcessMemory request was completed. (0x12B)
[0824/225057.486:ERROR:process_memory_win.cc(73)] ReadMemory at 0x152d8f86320 of 132 bytes failed: Only part of a ReadProcessMemory or WriteProcessMemory request was completed. (0x12B)
[0824/225057.486:ERROR:process_memory_win.cc(73)] ReadMemory at 0x152d8f865c0 of 132 bytes failed: Only part of a ReadProcessMemory or WriteProcessMemory request was completed. (0x12B)
[0824/225057.486:ERROR:process_memory_win.cc(73)] ReadMemory at 0x152d8f86750 of 68 bytes failed: Only part of a ReadProcessMemory or WriteProcessMemory request was completed. (0x12B)
[0824/225057.486:ERROR:process_memory_win.cc(73)] ReadMemory at 0x152d8f87860 of 132 bytes failed: Only part of a ReadProcessMemory or WriteProcessMemory request was completed. (0x12B)
[0824/225057.486:ERROR:process_memory_win.cc(73)] ReadMemory at 0x152d8f879f0 of 154 bytes failed: Only part of a ReadProcessMemory or WriteProcessMemory request was completed. (0x12B)
[0824/225057.486:ERROR:process_memory_win.cc(73)] ReadMemory at 0x152d8f88810 of 62 bytes failed: Only part of a ReadProcessMemory or WriteProcessMemory request was completed. (0x12B)
[0824/225057.486:ERROR:process_memory_win.cc(73)] ReadMemory at 0x152d8f88970 of 132 bytes failed: Only part of a ReadProcessMemory or WriteProcessMemory request was completed. (0x12B)
[0824/225057.486:ERROR:process_memory_win.cc(73)] ReadMemory at 0x152d8f89080 of 60 bytes failed: Only part of a ReadProcessMemory or WriteProcessMemory request was completed. (0x12B)
[0824/225057.486:ERROR:process_memory_win.cc(73)] ReadMemory at 0x152d8f972f0 of 60 bytes failed: Only part of a ReadProcessMemory or WriteProcessMemory request was completed. (0x12B)
[0824/225057.486:ERROR:process_memory_win.cc(73)] ReadMemory at 0x152d8f97430 of 60 bytes failed: Only part of a ReadProcessMemory or WriteProcessMemory request was completed. (0x12B)
[0824/225057.486:ERROR:process_memory_win.cc(73)] ReadMemory at 0x152d8f97480 of 64 bytes failed: Only part of a ReadProcessMemory or WriteProcessMemory request was completed. (0x12B)
[0824/225057.486:ERROR:process_memory_win.cc(73)] ReadMemory at 0x152d8f97570 of 66 bytes failed: Only part of a ReadProcessMemory or WriteProcessMemory request was completed. (0x12B)
[0824/225057.486:ERROR:process_memory_win.cc(73)] ReadMemory at 0x152d8f975c0 of 64 bytes failed: Only part of a ReadProcessMemory or WriteProcessMemory request was completed. (0x12B)
[0824/225057.486:ERROR:process_memory_win.cc(73)] ReadMemory at 0x152d8f97660 of 62 bytes failed: Only part of a ReadProcessMemory or WriteProcessMemory request was completed. (0x12B)
[0824/225057.486:ERROR:process_memory_win.cc(73)] ReadMemory at 0x152d8f97700 of 64 bytes failed: Only part of a ReadProcessMemory or WriteProcessMemory request was completed. (0x12B)
[0824/225057.486:ERROR:process_memory_win.cc(73)] ReadMemory at 0x152d8f97750 of 62 bytes failed: Only part of a ReadProcessMemory or WriteProcessMemory request was completed. (0x12B)
[0824/225057.494:ERROR:process_memory_win.cc(73)] ReadMemory at 0x152d8f97a20 of 60 bytes failed: Only part of a ReadProcessMemory or WriteProcessMemory request was completed. (0x12B)
[0824/225057.494:ERROR:process_memory_win.cc(73)] ReadMemory at 0x152d8f97a70 of 64 bytes failed: Only part of a ReadProcessMemory or WriteProcessMemory request was completed. (0x12B)
[0824/225057.494:ERROR:process_memory_win.cc(73)] ReadMemory at 0x152d8f97cf0 of 62 bytes failed: Only part of a ReadProcessMemory or WriteProcessMemory request was completed. (0x12B)
[0824/225057.494:ERROR:process_memory_win.cc(73)] ReadMemory at 0x152d8f97f70 of 64 bytes failed: Only part of a ReadProcessMemory or WriteProcessMemory request was completed. (0x12B)
[0824/225057.494:ERROR:process_memory_win.cc(73)] ReadMemory at 0x152d8f99460 of 54 bytes failed: Only part of a ReadProcessMemory or WriteProcessMemory request was completed. (0x12B)
[0824/225057.494:ERROR:process_memory_win.cc(73)] ReadMemory at 0x152d8f9bb80 of 132 bytes failed: Only part of a ReadProcessMemory or WriteProcessMemory request was completed. (0x12B)
[0824/225057.494:ERROR:process_memory_win.cc(73)] ReadMemory at 0x152d8f9c720 of 80 bytes failed: Only part of a ReadProcessMemory or WriteProcessMemory request was completed. (0x12B)
[0824/225057.494:ERROR:process_memory_win.cc(73)] ReadMemory at 0x152d8f9cfe0 of 132 bytes failed: Only part of a ReadProcessMemory or WriteProcessMemory request was completed. (0x12B)
[0824/225057.494:ERROR:process_memory_win.cc(73)] ReadMemory at 0x152d8f9d2c0 of 132 bytes failed: Only part of a ReadProcessMemory or WriteProcessMemory request was completed. (0x12B)
[0824/225057.494:ERROR:process_memory_win.cc(73)] ReadMemory at 0x152d8f9d3f0 of 146 bytes failed: Only part of a ReadProcessMemory or WriteProcessMemory request was completed. (0x12B)
[0824/225057.494:ERROR:process_memory_win.cc(73)] ReadMemory at 0x152d8f9d6e0 of 132 bytes failed: Only part of a ReadProcessMemory or WriteProcessMemory request was completed. (0x12B)
[0824/225057.494:ERROR:process_memory_win.cc(73)] ReadMemory at 0x152d8fa04d0 of 76 bytes failed: Only part of a ReadProcessMemory or WriteProcessMemory request was completed. (0x12B)
[0824/225057.494:ERROR:process_memory_win.cc(73)] ReadMemory at 0x152d8fa06b0 of 80 bytes failed: Only part of a ReadProcessMemory or WriteProcessMemory request was completed. (0x12B)
[0824/225057.494:ERROR:process_memory_win.cc(73)] ReadMemory at 0x152d8fa3180 of 132 bytes failed: Only part of a ReadProcessMemory or WriteProcessMemory request was completed. (0x12B)
[0824/225057.494:ERROR:process_memory_win.cc(73)] ReadMemory at 0x152d8fa38e0 of 132 bytes failed: Only part of a ReadProcessMemory or WriteProcessMemory request was completed. (0x12B)
[0824/225057.494:ERROR:process_memory_win.cc(73)] ReadMemory at 0x152d8fa4db0 of 132 bytes failed: Only part of a ReadProcessMemory or WriteProcessMemory request was completed. (0x12B)
[0824/225057.494:ERROR:process_memory_win.cc(73)] ReadMemory at 0x152d8fa4ee0 of 132 bytes failed: Only part of a ReadProcessMemory or WriteProcessMemory request was completed. (0x12B)
[0824/225057.494:ERROR:process_memory_win.cc(73)] ReadMemory at 0x152d8fa5240 of 132 bytes failed: Only part of a ReadProcessMemory or WriteProcessMemory request was completed. (0x12B)
[0824/225057.494:ERROR:process_memory_win.cc(73)] ReadMemory at 0x152d8fa6520 of 132 bytes failed: Only part of a ReadProcessMemory or WriteProcessMemory request was completed. (0x12B)
[0824/225057.494:ERROR:process_memory_win.cc(73)] ReadMemory at 0x152d8fa6850 of 132 bytes failed: Only part of a ReadProcessMemory or WriteProcessMemory request was completed. (0x12B)
[0824/225057.494:ERROR:process_memory_win.cc(73)] ReadMemory at 0x152d8fa6980 of 132 bytes failed: Only part of a ReadProcessMemory or WriteProcessMemory request was completed. (0x12B)
[0824/225057.494:ERROR:process_memory_win.cc(73)] ReadMemory at 0x152d8fa6ab0 of 132 bytes failed: Only part of a ReadProcessMemory or WriteProcessMemory request was completed. (0x12B)
[0824/225057.494:ERROR:process_memory_win.cc(73)] ReadMemory at 0x152d8fa6be0 of 132 bytes failed: Only part of a ReadProcessMemory or WriteProcessMemory request was completed. (0x12B)
[0824/225057.494:ERROR:process_memory_win.cc(73)] ReadMemory at 0x152d8fa6d10 of 132 bytes failed: Only part of a ReadProcessMemory or WriteProcessMemory request was completed. (0x12B)
[0824/225057.494:ERROR:process_memory_win.cc(73)] ReadMemory at 0x152d8fa6e40 of 132 bytes failed: Only part of a ReadProcessMemory or WriteProcessMemory request was completed. (0x12B)
[0824/225057.494:ERROR:process_memory_win.cc(73)] ReadMemory at 0x152d8fa70a0 of 132 bytes failed: Only part of a ReadProcessMemory or WriteProcessMemory request was completed. (0x12B)
[0824/225057.494:ERROR:process_memory_win.cc(73)] ReadMemory at 0x152d8fa71d0 of 132 bytes failed: Only part of a ReadProcessMemory or WriteProcessMemory request was completed. (0x12B)
[0824/225057.494:ERROR:process_memory_win.cc(73)] ReadMemory at 0x152d8fa7300 of 132 bytes failed: Only part of a ReadProcessMemory or WriteProcessMemory request was completed. (0x12B)
[0824/225057.494:ERROR:process_memory_win.cc(73)] ReadMemory at 0x152d8fa7430 of 132 bytes failed: Only part of a ReadProcessMemory or WriteProcessMemory request was completed. (0x12B)
[0824/225057.494:ERROR:process_memory_win.cc(73)] ReadMemory at 0x152d8fa7560 of 132 bytes failed: Only part of a ReadProcessMemory or WriteProcessMemory request was completed. (0x12B)
[0824/225057.494:ERROR:process_memory_win.cc(73)] ReadMemory at 0x152d8fa7690 of 132 bytes failed: Only part of a ReadProcessMemory or WriteProcessMemory request was completed. (0x12B)
[0824/225057.494:ERROR:process_memory_win.cc(73)] ReadMemory at 0x152d8fa9fb0 of 132 bytes failed: Only part of a ReadProcessMemory or WriteProcessMemory request was completed. (0x12B)
[0824/225057.494:ERROR:process_memory_win.cc(73)] ReadMemory at 0x152d8faa6d0 of 132 bytes failed: Only part of a ReadProcessMemory or WriteProcessMemory request was completed. (0x12B)
[0824/225057.494:ERROR:process_memory_win.cc(73)] ReadMemory at 0x152d8faa930 of 132 bytes failed: Only part of a ReadProcessMemory or WriteProcessMemory request was completed. (0x12B)
[0824/225057.494:ERROR:process_memory_win.cc(73)] ReadMemory at 0x152d8faaa60 of 132 bytes failed: Only part of a ReadProcessMemory or WriteProcessMemory request was completed. (0x12B)
[0824/225057.494:ERROR:process_memory_win.cc(73)] ReadMemory at 0x152d8faab90 of 132 bytes failed: Only part of a ReadProcessMemory or WriteProcessMemory request was completed. (0x12B)
[0824/225057.494:ERROR:process_memory_win.cc(73)] ReadMemory at 0x152d8fab050 of 132 bytes failed: Only part of a ReadProcessMemory or WriteProcessMemory request was completed. (0x12B)
[0824/225057.494:ERROR:process_memory_win.cc(73)] ReadMemory at 0x152d8fab640 of 132 bytes failed: Only part of a ReadProcessMemory or WriteProcessMemory request was completed. (0x12B)
[0824/225057.494:ERROR:process_memory_win.cc(73)] ReadMemory at 0x152d8fabb00 of 132 bytes failed: Only part of a ReadProcessMemory or WriteProcessMemory request was completed. (0x12B)
[0824/225057.494:ERROR:process_memory_win.cc(73)] ReadMemory at 0x152d8fabc30 of 132 bytes failed: Only part of a ReadProcessMemory or WriteProcessMemory request was completed. (0x12B)
[0824/225057.494:ERROR:process_memory_win.cc(73)] ReadMemory at 0x152d8fabd60 of 132 bytes failed: Only part of a ReadProcessMemory or WriteProcessMemory request was completed. (0x12B)
[0824/225057.494:ERROR:process_memory_win.cc(73)] ReadMemory at 0x152d8fac520 of 62 bytes failed: Only part of a ReadProcessMemory or WriteProcessMemory request was completed. (0x12B)
[0824/225057.494:ERROR:process_memory_win.cc(73)] ReadMemory at 0x152d8fac610 of 64 bytes failed: Only part of a ReadProcessMemory or WriteProcessMemory request was completed. (0x12B)
[0824/225057.502:ERROR:process_memory_win.cc(73)] ReadMemory at 0x152d8fac660 of 64 bytes failed: Only part of a ReadProcessMemory or WriteProcessMemory request was completed. (0x12B)
[0824/225057.502:ERROR:process_memory_win.cc(73)] ReadMemory at 0x152d8fac700 of 62 bytes failed: Only part of a ReadProcessMemory or WriteProcessMemory request was completed. (0x12B)
[0824/225057.502:ERROR:process_memory_win.cc(73)] ReadMemory at 0x152d8fac7f0 of 60 bytes failed: Only part of a ReadProcessMemory or WriteProcessMemory request was completed. (0x12B)
[0824/225057.502:ERROR:process_memory_win.cc(73)] ReadMemory at 0x152d8fac890 of 62 bytes failed: Only part of a ReadProcessMemory or WriteProcessMemory request was completed. (0x12B)
[0824/225057.502:ERROR:process_memory_win.cc(73)] ReadMemory at 0x152d8facc50 of 62 bytes failed: Only part of a ReadProcessMemory or WriteProcessMemory request was completed. (0x12B)
[0824/225057.502:ERROR:process_memory_win.cc(73)] ReadMemory at 0x152d8faced0 of 58 bytes failed: Only part of a ReadProcessMemory or WriteProcessMemory request was completed. (0x12B)
[0824/225057.502:ERROR:process_memory_win.cc(73)] ReadMemory at 0x152d8facfc0 of 60 bytes failed: Only part of a ReadProcessMemory or WriteProcessMemory request was completed. (0x12B)
[0824/225057.542:ERROR:process_memory_win.cc(73)] ReadMemory at 0x152d8fad060 of 60 bytes failed: Only part of a ReadProcessMemory or WriteProcessMemory request was completed. (0x12B)
[0824/225057.542:ERROR:process_memory_win.cc(73)] ReadMemory at 0x152d8fad1a0 of 62 bytes failed: Only part of a ReadProcessMemory or WriteProcessMemory request was completed. (0x12B)
[0824/225057.542:ERROR:process_memory_win.cc(73)] ReadMemory at 0x152d8fad240 of 64 bytes failed: Only part of a ReadProcessMemory or WriteProcessMemory request was completed. (0x12B)
[0824/225057.542:ERROR:process_memory_win.cc(73)] ReadMemory at 0x152d8fad290 of 66 bytes failed: Only part of a ReadProcessMemory or WriteProcessMemory request was completed. (0x12B)
[0824/225057.542:ERROR:process_memory_win.cc(73)] ReadMemory at 0x152d8fad380 of 62 bytes failed: Only part of a ReadProcessMemory or WriteProcessMemory request was completed. (0x12B)
[0824/225057.542:ERROR:process_memory_win.cc(73)] ReadMemory at 0x152d8fad3d0 of 62 bytes failed: Only part of a ReadProcessMemory or WriteProcessMemory request was completed. (0x12B)
[0824/225057.542:ERROR:process_memory_win.cc(73)] ReadMemory at 0x152d8faf580 of 512 bytes failed: Only part of a ReadProcessMemory or WriteProcessMemory request was completed. (0x12B)
[0824/225057.570:ERROR:process_memory_win.cc(73)] ReadMemory at 0x152d900a580 of 512 bytes failed: Only part of a ReadProcessMemory or WriteProcessMemory request was completed. (0x12B)
[0824/225057.570:ERROR:process_memory_win.cc(73)] ReadMemory at 0x152d90110b0 of 512 bytes failed: Only part of a ReadProcessMemory or WriteProcessMemory request was completed. (0x12B)
[0824/225057.570:ERROR:process_memory_win.cc(73)] ReadMemory at 0x152d902f4c0 of 512 bytes failed: Only part of a ReadProcessMemory or WriteProcessMemory request was completed. (0x12B)
[0824/225057.570:ERROR:process_memory_win.cc(73)] ReadMemory at 0x152d90375b0 of 512 bytes failed: Only part of a ReadProcessMemory or WriteProcessMemory request was completed. (0x12B)
[0824/225057.570:ERROR:process_memory_win.cc(73)] ReadMemory at 0x152d9040198 of 512 bytes failed: Only part of a ReadProcessMemory or WriteProcessMemory request was completed. (0x12B)
[0824/225057.570:ERROR:process_memory_win.cc(73)] ReadMemory at 0x152d904cea0 of 712 bytes failed: Only part of a ReadProcessMemory or WriteProcessMemory request was completed. (0x12B)
[0824/225057.570:ERROR:process_memory_win.cc(73)] ReadMemory at 0x152d9067360 of 512 bytes failed: Only part of a ReadProcessMemory or WriteProcessMemory request was completed. (0x12B)
[0824/225057.570:ERROR:process_memory_win.cc(73)] ReadMemory at 0x152dac6d3d0 of 512 bytes failed: Only part of a ReadProcessMemory or WriteProcessMemory request was completed. (0x12B)
[0824/225057.570:ERROR:process_memory_win.cc(73)] ReadMemory at 0x152dad745c0 of 512 bytes failed: Only part of a ReadProcessMemory or WriteProcessMemory request was completed. (0x12B)
[0824/225057.570:ERROR:process_memory_win.cc(73)] ReadMemory at 0x152daddd7f0 of 512 bytes failed: Only part of a ReadProcessMemory or WriteProcessMemory request was completed. (0x12B)
[0824/225057.570:ERROR:process_memory_win.cc(73)] ReadMemory at 0x152db868b40 of 512 bytes failed: Only part of a ReadProcessMemory or WriteProcessMemory request was completed. (0x12B)
[0824/225057.570:ERROR:process_memory_win.cc(73)] ReadMemory at 0x152dbc62c68 of 512 bytes failed: Only part of a ReadProcessMemory or WriteProcessMemory request was completed. (0x12B)
[0824/225057.570:ERROR:process_memory_win.cc(73)] ReadMemory at 0x152dc004510 of 512 bytes failed: Only part of a ReadProcessMemory or WriteProcessMemory request was completed. (0x12B)
[0824/225057.570:ERROR:process_memory_win.cc(73)] ReadMemory at 0x152dc160c50 of 512 bytes failed: Only part of a ReadProcessMemory or WriteProcessMemory request was completed. (0x12B)
[0824/225057.570:ERROR:process_memory_win.cc(73)] ReadMemory at 0x152dc980f00 of 512 bytes failed: Only part of a ReadProcessMemory or WriteProcessMemory request was completed. (0x12B)
[0824/225057.570:ERROR:process_memory_win.cc(73)] ReadMemory at 0x152dc981280 of 512 bytes failed: Only part of a ReadProcessMemory or WriteProcessMemory request was completed. (0x12B)
[0824/225057.570:ERROR:process_memory_win.cc(73)] ReadMemory at 0x152de30fa70 of 512 bytes failed: Only part of a ReadProcessMemory or WriteProcessMemory request was completed. (0x12B)
[0824/225057.570:ERROR:process_memory_win.cc(73)] ReadMemory at 0x152de3131b0 of 512 bytes failed: Only part of a ReadProcessMemory or WriteProcessMemory request was completed. (0x12B)
[0824/225057.570:ERROR:process_memory_win.cc(73)] ReadMemory at 0x152de3234f8 of 512 bytes failed: Only part of a ReadProcessMemory or WriteProcessMemory request was completed. (0x12B)
[0824/225057.570:ERROR:process_memory_win.cc(73)] ReadMemory at 0x4f6a0804019d of 512 bytes failed: Only part of a ReadProcessMemory or WriteProcessMemory request was completed. (0x12B)
[0824/225057.570:ERROR:process_memory_win.cc(73)] ReadMemory at 0x4f6a0923fcad of 512 bytes failed: Only part of a ReadProcessMemory or WriteProcessMemory request was completed. (0x12B)
[0824/225057.570:ERROR:process_memory_win.cc(73)] ReadMemory at 0x4f6a0c5fff80 of 512 bytes failed: Only part of a ReadProcessMemory or WriteProcessMemory request was completed. (0x12B)
[0824/225057.570:ERROR:process_memory_win.cc(73)] ReadMemory at 0x4f6a0c62d515 of 512 bytes failed: Only part of a ReadProcessMemory or WriteProcessMemory request was completed. (0x12B)
[0824/225057.578:ERROR:process_memory_win.cc(73)] ReadMemory at 0x4f6a0c90852d of 512 bytes failed: Only part of a ReadProcessMemory or WriteProcessMemory request was completed. (0x12B)
[0824/225057.578:ERROR:process_memory_win.cc(73)] ReadMemory at 0x7ffedf720000 of 384 bytes failed: Only part of a ReadProcessMemory or WriteProcessMemory request was completed. (0x12B)
[0824/225057.578:ERROR:process_memory_win.cc(73)] ReadMemory at 0x7ffee117cfdb of 512 bytes failed: Only part of a ReadProcessMemory or WriteProcessMemory request was completed. (0x12B)
[0824/225057.578:ERROR:process_memory_win.cc(73)] ReadMemory at 0x7ffee1f2974c of 512 bytes failed: Only part of a ReadProcessMemory or WriteProcessMemory request was completed. (0x12B)
[0824/225057.578:ERROR:process_memory_win.cc(73)] ReadMemory at 0x7fff0cf879b3 of 512 bytes failed: Only part of a ReadProcessMemory or WriteProcessMemory request was completed. (0x12B)
[0824/225057.578:ERROR:process_memory_win.cc(73)] ReadMemory at 0x7fff0cf881a0 of 512 bytes failed: Only part of a ReadProcessMemory or WriteProcessMemory request was completed. (0x12B)
[0824/225057.578:ERROR:process_memory_win.cc(73)] ReadMemory at 0x7fff39c40000 of 384 bytes failed: Only part of a ReadProcessMemory or WriteProcessMemory request was completed. (0x12B)
[0824/225057.578:ERROR:process_memory_win.cc(73)] ReadMemory at 0x7fff39cdc074 of 672 bytes failed: Only part of a ReadProcessMemory or WriteProcessMemory request was completed. (0x12B)
[0824/225057.578:ERROR:process_memory_win.cc(73)] ReadMemory at 0x7fff39cdf924 of 608 bytes failed: Only part of a ReadProcessMemory or WriteProcessMemory request was completed. (0x12B)
[0824/225057.578:ERROR:process_memory_win.cc(73)] ReadMemory at 0x7fff39d6c428 of 18 bytes failed: Only part of a ReadProcessMemory or WriteProcessMemory request was completed. (0x12B)
[0824/225057.578:ERROR:process_memory_win.cc(73)] ReadMemory at 0x7fff39d9f4f8 of 40 bytes failed: Only part of a ReadProcessMemory or WriteProcessMemory request was completed. (0x12B)
[0824/225057.578:ERROR:process_memory_win.cc(73)] ReadMemory at 0x7fff39d9f978 of 48 bytes failed: Only part of a ReadProcessMemory or WriteProcessMemory request was completed. (0x12B)
[0824/225057.578:ERROR:process_memory_win.cc(73)] ReadMemory at 0x7fff39da53c0 of 64 bytes failed: Only part of a ReadProcessMemory or WriteProcessMemory request was completed. (0x12B)
[0824/225057.621:ERROR:scoped_process_suspend.cc(40)] NtResumeProcess: An attempt was made to access an exiting process. (0xc000010a)
